# JRE version: OpenJDK Runtime Environment Temurin-21.0.9+10 (21.0.9+10) (build 21.0.9+10-LTS)
# Java VM: OpenJDK 64-Bit Server VM Temurin-21.0.9+10 (21.0.9+10-LTS, mixed mode, sharing, tiered, compressed oops, compressed class ptrs, parallel gc, windows-amd64)
GC Precious Log:
 CardTable entry size: 512
 CPUs: 8 total, 8 available
 Memory: 5965M
 Large Page Support: Disabled
 NUMA Support: Disabled
 Compressed Oops: Enabled (32-bit)
 Alignments: Space 512K, Generation 512K, Heap 2M
 Heap Min Capacity: 100M
 Heap Initial Capacity: 100M
 Heap Max Capacity: 2G
 Pre-touch: Disabled
 Parallel Workers: 8
Heap:
 PSYoungGen      total 5120K, used 744K [0x00000000d5580000, 0x00000000d5b80000, 0x0000000100000000)
  eden space 4608K, 11% used [0x00000000d5580000,0x00000000d5602170,0x00000000d5a00000)
  from space 512K, 43% used [0x00000000d5b00000,0x00000000d5b38000,0x00000000d5b80000)
  to   space 512K, 0% used [0x00000000d5a80000,0x00000000d5a80000,0x00000000d5b00000)
 ParOldGen       total 305152K, used 305022K [0x0000000080000000, 0x0000000092a00000, 0x00000000d5580000)
  object space 305152K, 99% used [0x0000000080000000,0x00000000929dfa88,0x0000000092a00000)
 Metaspace       used 70495K, committed 72064K, reserved 1114112K
  class space    used 7379K, committed 8000K, reserved 1048576K
GC Heap History (20 events):
Event: 77.243 GC heap before
{Heap before GC invocations=246 (full 3):
 PSYoungGen      total 5120K, used 4768K [0x00000000d5580000, 0x00000000d5b80000, 0x0000000100000000)
  eden space 4608K, 100% used [0x00000000d5580000,0x00000000d5a00000,0x00000000d5a00000)
  from space 512K, 31% used [0x00000000d5b00000,0x00000000d5b28000,0x00000000d5b80000)
  to   space 512K, 0% used [0x00000000d5a00000,0x00000000d5a00000,0x00000000d5a80000)
 ParOldGen       total 304640K, used 304136K [0x0000000080000000, 0x0000000092980000, 0x00000000d5580000)
  object space 304640K, 99% used [0x0000000080000000,0x0000000092902240,0x0000000092980000)
 Metaspace       used 70452K, committed 72064K, reserved 1114112K
  class space    used 7378K, committed 8000K, reserved 1048576K
}
Event: 77.245 GC heap after
{Heap after GC invocations=246 (full 3):
 PSYoungGen      total 5120K, used 378K [0x00000000d5580000, 0x00000000d5b80000, 0x0000000100000000)
  eden space 4608K, 0% used [0x00000000d5580000,0x00000000d5580000,0x00000000d5a00000)
  from space 512K, 73% used [0x00000000d5a00000,0x00000000d5a5e900,0x00000000d5a80000)
  to   space 512K, 0% used [0x00000000d5b00000,0x00000000d5b00000,0x00000000d5b80000)
 ParOldGen       total 304640K, used 304168K [0x0000000080000000, 0x0000000092980000, 0x00000000d5580000)
  object space 304640K, 99% used [0x0000000080000000,0x000000009290a240,0x0000000092980000)
 Metaspace       used 70452K, committed 72064K, reserved 1114112K
  class space    used 7378K, committed 8000K, reserved 1048576K
}
Event: 77.424 GC heap before
{Heap before GC invocations=247 (full 3):
 PSYoungGen      total 5120K, used 4937K [0x00000000d5580000, 0x00000000d5b80000, 0x0000000100000000)
  eden space 4608K, 98% used [0x00000000d5580000,0x00000000d59f3d00,0x00000000d5a00000)
  from space 512K, 73% used [0x00000000d5a00000,0x00000000d5a5e900,0x00000000d5a80000)
  to   space 512K, 0% used [0x00000000d5b00000,0x00000000d5b00000,0x00000000d5b80000)
 ParOldGen       total 304640K, used 304168K [0x0000000080000000, 0x0000000092980000, 0x00000000d5580000)
  object space 304640K, 99% used [0x0000000080000000,0x000000009290a240,0x0000000092980000)
 Metaspace       used 70457K, committed 72064K, reserved 1114112K
  class space    used 7378K, committed 8000K, reserved 1048576K
}
Event: 77.426 GC heap after
{Heap after GC invocations=247 (full 3):
 PSYoungGen      total 5120K, used 308K [0x00000000d5580000, 0x00000000d5b80000, 0x0000000100000000)
  eden space 4608K, 0% used [0x00000000d5580000,0x00000000d5580000,0x00000000d5a00000)
  from space 512K, 60% used [0x00000000d5b00000,0x00000000d5b4d200,0x00000000d5b80000)
  to   space 512K, 0% used [0x00000000d5a00000,0x00000000d5a00000,0x00000000d5a80000)
 ParOldGen       total 304640K, used 304200K [0x0000000080000000, 0x0000000092980000, 0x00000000d5580000)
  object space 304640K, 99% used [0x0000000080000000,0x0000000092912240,0x0000000092980000)
 Metaspace       used 70457K, committed 72064K, reserved 1114112K
  class space    used 7378K, committed 8000K, reserved 1048576K
}
Event: 77.468 GC heap before
{Heap before GC invocations=248 (full 3):
 PSYoungGen      total 5120K, used 4916K [0x00000000d5580000, 0x00000000d5b80000, 0x0000000100000000)
  eden space 4608K, 100% used [0x00000000d5580000,0x00000000d5a00000,0x00000000d5a00000)
  from space 512K, 60% used [0x00000000d5b00000,0x00000000d5b4d200,0x00000000d5b80000)
  to   space 512K, 0% used [0x00000000d5a00000,0x00000000d5a00000,0x00000000d5a80000)
 ParOldGen       total 304640K, used 304200K [0x0000000080000000, 0x0000000092980000, 0x00000000d5580000)
  object space 304640K, 99% used [0x0000000080000000,0x0000000092912240,0x0000000092980000)
 Metaspace       used 70457K, committed 72064K, reserved 1114112K
  class space    used 7378K, committed 8000K, reserved 1048576K
}
Event: 77.471 GC heap after
{Heap after GC invocations=248 (full 3):
 PSYoungGen      total 5120K, used 352K [0x00000000d5580000, 0x00000000d5b80000, 0x0000000100000000)
  eden space 4608K, 0% used [0x00000000d5580000,0x00000000d5580000,0x00000000d5a00000)
  from space 512K, 68% used [0x00000000d5a00000,0x00000000d5a58000,0x00000000d5a80000)
  to   space 512K, 0% used [0x00000000d5b00000,0x00000000d5b00000,0x00000000d5b80000)
 ParOldGen       total 304640K, used 304373K [0x0000000080000000, 0x0000000092980000, 0x00000000d5580000)
  object space 304640K, 99% used [0x0000000080000000,0x000000009293d440,0x0000000092980000)
 Metaspace       used 70457K, committed 72064K, reserved 1114112K
  class space    used 7378K, committed 8000K, reserved 1048576K
}
Event: 77.540 GC heap before
{Heap before GC invocations=249 (full 3):
 PSYoungGen      total 5120K, used 4960K [0x00000000d5580000, 0x00000000d5b80000, 0x0000000100000000)
  eden space 4608K, 100% used [0x00000000d5580000,0x00000000d5a00000,0x00000000d5a00000)
  from space 512K, 68% used [0x00000000d5a00000,0x00000000d5a58000,0x00000000d5a80000)
  to   space 512K, 0% used [0x00000000d5b00000,0x00000000d5b00000,0x00000000d5b80000)
 ParOldGen       total 304640K, used 304373K [0x0000000080000000, 0x0000000092980000, 0x00000000d5580000)
  object space 304640K, 99% used [0x0000000080000000,0x000000009293d440,0x0000000092980000)
 Metaspace       used 70457K, committed 72064K, reserved 1114112K
  class space    used 7378K, committed 8000K, reserved 1048576K
}
Event: 77.544 GC heap after
{Heap after GC invocations=249 (full 3):
 PSYoungGen      total 5120K, used 486K [0x00000000d5580000, 0x00000000d5c00000, 0x0000000100000000)
  eden space 4608K, 0% used [0x00000000d5580000,0x00000000d5580000,0x00000000d5a00000)
  from space 512K, 94% used [0x00000000d5b00000,0x00000000d5b79848,0x00000000d5b80000)
  to   space 1024K, 0% used [0x00000000d5a00000,0x00000000d5a00000,0x00000000d5b00000)
 ParOldGen       total 304640K, used 304637K [0x0000000080000000, 0x0000000092980000, 0x00000000d5580000)
  object space 304640K, 99% used [0x0000000080000000,0x000000009297f440,0x0000000092980000)
 Metaspace       used 70457K, committed 72064K, reserved 1114112K
  class space    used 7378K, committed 8000K, reserved 1048576K
}
Event: 77.589 GC heap before
{Heap before GC invocations=250 (full 3):
 PSYoungGen      total 5120K, used 5011K [0x00000000d5580000, 0x00000000d5c00000, 0x0000000100000000)
  eden space 4608K, 98% used [0x00000000d5580000,0x00000000d59eb7a8,0x00000000d5a00000)
  from space 512K, 94% used [0x00000000d5b00000,0x00000000d5b79848,0x00000000d5b80000)
  to   space 1024K, 0% used [0x00000000d5a00000,0x00000000d5a00000,0x00000000d5b00000)
 ParOldGen       total 304640K, used 304637K [0x0000000080000000, 0x0000000092980000, 0x00000000d5580000)
  object space 304640K, 99% used [0x0000000080000000,0x000000009297f440,0x0000000092980000)
 Metaspace       used 70457K, committed 72064K, reserved 1114112K
  class space    used 7378K, committed 8000K, reserved 1048576K
}
Event: 77.591 GC heap after
{Heap after GC invocations=250 (full 3):
 PSYoungGen      total 5632K, used 244K [0x00000000d5580000, 0x00000000d5b80000, 0x0000000100000000)
  eden space 4608K, 0% used [0x00000000d5580000,0x00000000d5580000,0x00000000d5a00000)
  from space 1024K, 23% used [0x00000000d5a00000,0x00000000d5a3d200,0x00000000d5b00000)
  to   space 512K, 0% used [0x00000000d5b00000,0x00000000d5b00000,0x00000000d5b80000)
 ParOldGen       total 305152K, used 304894K [0x0000000080000000, 0x0000000092a00000, 0x00000000d5580000)
  object space 305152K, 99% used [0x0000000080000000,0x00000000929bfa88,0x0000000092a00000)
 Metaspace       used 70457K, committed 72064K, reserved 1114112K
  class space    used 7378K, committed 8000K, reserved 1048576K
}
Event: 77.614 GC heap before
{Heap before GC invocations=251 (full 3):
 PSYoungGen      total 5632K, used 4852K [0x00000000d5580000, 0x00000000d5b80000, 0x0000000100000000)
  eden space 4608K, 100% used [0x00000000d5580000,0x00000000d5a00000,0x00000000d5a00000)
  from space 1024K, 23% used [0x00000000d5a00000,0x00000000d5a3d200,0x00000000d5b00000)
  to   space 512K, 0% used [0x00000000d5b00000,0x00000000d5b00000,0x00000000d5b80000)
 ParOldGen       total 305152K, used 304894K [0x0000000080000000, 0x0000000092a00000, 0x00000000d5580000)
  object space 305152K, 99% used [0x0000000080000000,0x00000000929bfa88,0x0000000092a00000)
 Metaspace       used 70457K, committed 72064K, reserved 1114112K
  class space    used 7378K, committed 8000K, reserved 1048576K
}
Event: 77.616 GC heap after
{Heap after GC invocations=251 (full 3):
 PSYoungGen      total 5120K, used 400K [0x00000000d5580000, 0x00000000d5b80000, 0x0000000100000000)
  eden space 4608K, 0% used [0x00000000d5580000,0x00000000d5580000,0x00000000d5a00000)
  from space 512K, 78% used [0x00000000d5b00000,0x00000000d5b64010,0x00000000d5b80000)
  to   space 512K, 0% used [0x00000000d5a80000,0x00000000d5a80000,0x00000000d5b00000)
 ParOldGen       total 305152K, used 304902K [0x0000000080000000, 0x0000000092a00000, 0x00000000d5580000)
  object space 305152K, 99% used [0x0000000080000000,0x00000000929c1a88,0x0000000092a00000)
 Metaspace       used 70457K, committed 72064K, reserved 1114112K
  class space    used 7378K, committed 8000K, reserved 1048576K
}
Event: 77.639 GC heap before
{Heap before GC invocations=252 (full 3):
 PSYoungGen      total 5120K, used 5008K [0x00000000d5580000, 0x00000000d5b80000, 0x0000000100000000)
  eden space 4608K, 100% used [0x00000000d5580000,0x00000000d5a00000,0x00000000d5a00000)
  from space 512K, 78% used [0x00000000d5b00000,0x00000000d5b64010,0x00000000d5b80000)
  to   space 512K, 0% used [0x00000000d5a80000,0x00000000d5a80000,0x00000000d5b00000)
 ParOldGen       total 305152K, used 304902K [0x0000000080000000, 0x0000000092a00000, 0x00000000d5580000)
  object space 305152K, 99% used [0x0000000080000000,0x00000000929c1a88,0x0000000092a00000)
 Metaspace       used 70457K, committed 72064K, reserved 1114112K
  class space    used 7378K, committed 8000K, reserved 1048576K
}
Event: 77.641 GC heap after
{Heap after GC invocations=252 (full 3):
 PSYoungGen      total 5120K, used 394K [0x00000000d5580000, 0x00000000d5b80000, 0x0000000100000000)
  eden space 4608K, 0% used [0x00000000d5580000,0x00000000d5580000,0x00000000d5a00000)
  from space 512K, 77% used [0x00000000d5a80000,0x00000000d5ae2910,0x00000000d5b00000)
  to   space 512K, 0% used [0x00000000d5b00000,0x00000000d5b00000,0x00000000d5b80000)
 ParOldGen       total 305152K, used 304958K [0x0000000080000000, 0x0000000092a00000, 0x00000000d5580000)
  object space 305152K, 99% used [0x0000000080000000,0x00000000929cfa88,0x0000000092a00000)
 Metaspace       used 70457K, committed 72064K, reserved 1114112K
  class space    used 7378K, committed 8000K, reserved 1048576K
}
Event: 77.684 GC heap before
{Heap before GC invocations=253 (full 3):
 PSYoungGen      total 5120K, used 5002K [0x00000000d5580000, 0x00000000d5b80000, 0x0000000100000000)
  eden space 4608K, 100% used [0x00000000d5580000,0x00000000d5a00000,0x00000000d5a00000)
  from space 512K, 77% used [0x00000000d5a80000,0x00000000d5ae2910,0x00000000d5b00000)
  to   space 512K, 0% used [0x00000000d5b00000,0x00000000d5b00000,0x00000000d5b80000)
 ParOldGen       total 305152K, used 304958K [0x0000000080000000, 0x0000000092a00000, 0x00000000d5580000)
  object space 305152K, 99% used [0x0000000080000000,0x00000000929cfa88,0x0000000092a00000)
 Metaspace       used 70457K, committed 72064K, reserved 1114112K
  class space    used 7378K, committed 8000K, reserved 1048576K
}
Event: 77.686 GC heap after
{Heap after GC invocations=253 (full 3):
 PSYoungGen      total 5120K, used 442K [0x00000000d5580000, 0x00000000d5b80000, 0x0000000100000000)
  eden space 4608K, 0% used [0x00000000d5580000,0x00000000d5580000,0x00000000d5a00000)
  from space 512K, 86% used [0x00000000d5b00000,0x00000000d5b6e900,0x00000000d5b80000)
  to   space 512K, 0% used [0x00000000d5a80000,0x00000000d5a80000,0x00000000d5b00000)
 ParOldGen       total 305152K, used 304982K [0x0000000080000000, 0x0000000092a00000, 0x00000000d5580000)
  object space 305152K, 99% used [0x0000000080000000,0x00000000929d5a88,0x0000000092a00000)
 Metaspace       used 70457K, committed 72064K, reserved 1114112K
  class space    used 7378K, committed 8000K, reserved 1048576K
}
Event: 77.709 GC heap before
{Heap before GC invocations=254 (full 3):
 PSYoungGen      total 5120K, used 5050K [0x00000000d5580000, 0x00000000d5b80000, 0x0000000100000000)
  eden space 4608K, 100% used [0x00000000d5580000,0x00000000d5a00000,0x00000000d5a00000)
  from space 512K, 86% used [0x00000000d5b00000,0x00000000d5b6e900,0x00000000d5b80000)
  to   space 512K, 0% used [0x00000000d5a80000,0x00000000d5a80000,0x00000000d5b00000)
 ParOldGen       total 305152K, used 304982K [0x0000000080000000, 0x0000000092a00000, 0x00000000d5580000)
  object space 305152K, 99% used [0x0000000080000000,0x00000000929d5a88,0x0000000092a00000)
 Metaspace       used 70460K, committed 72064K, reserved 1114112K
  class space    used 7378K, committed 8000K, reserved 1048576K
}
Event: 77.712 GC heap after
{Heap after GC invocations=254 (full 3):
 PSYoungGen      total 5120K, used 436K [0x00000000d5580000, 0x00000000d5b80000, 0x0000000100000000)
  eden space 4608K, 0% used [0x00000000d5580000,0x00000000d5580000,0x00000000d5a00000)
  from space 512K, 85% used [0x00000000d5a80000,0x00000000d5aed200,0x00000000d5b00000)
  to   space 512K, 0% used [0x00000000d5b00000,0x00000000d5b00000,0x00000000d5b80000)
 ParOldGen       total 305152K, used 305006K [0x0000000080000000, 0x0000000092a00000, 0x00000000d5580000)
  object space 305152K, 99% used [0x0000000080000000,0x00000000929dba88,0x0000000092a00000)
 Metaspace       used 70460K, committed 72064K, reserved 1114112K
  class space    used 7378K, committed 8000K, reserved 1048576K
}
Event: 82.894 GC heap before
{Heap before GC invocations=255 (full 3):
 PSYoungGen      total 5120K, used 5044K [0x00000000d5580000, 0x00000000d5b80000, 0x0000000100000000)
  eden space 4608K, 100% used [0x00000000d5580000,0x00000000d5a00000,0x00000000d5a00000)
  from space 512K, 85% used [0x00000000d5a80000,0x00000000d5aed200,0x00000000d5b00000)
  to   space 512K, 0% used [0x00000000d5b00000,0x00000000d5b00000,0x00000000d5b80000)
 ParOldGen       total 305152K, used 305006K [0x0000000080000000, 0x0000000092a00000, 0x00000000d5580000)
  object space 305152K, 99% used [0x0000000080000000,0x00000000929dba88,0x0000000092a00000)
 Metaspace       used 70480K, committed 72064K, reserved 1114112K
  class space    used 7378K, committed 8000K, reserved 1048576K
}
Event: 82.897 GC heap after
{Heap after GC invocations=255 (full 3):
 PSYoungGen      total 5120K, used 224K [0x00000000d5580000, 0x00000000d5b80000, 0x0000000100000000)
  eden space 4608K, 0% used [0x00000000d5580000,0x00000000d5580000,0x00000000d5a00000)
  from space 512K, 43% used [0x00000000d5b00000,0x00000000d5b38000,0x00000000d5b80000)
  to   space 512K, 0% used [0x00000000d5a80000,0x00000000d5a80000,0x00000000d5b00000)
 ParOldGen       total 305152K, used 305022K [0x0000000080000000, 0x0000000092a00000, 0x00000000d5580000)
  object space 305152K, 99% used [0x0000000080000000,0x00000000929dfa88,0x0000000092a00000)
 Metaspace       used 70480K, committed 72064K, reserved 1114112K
  class space    used 7378K, committed 8000K, reserved 1048576K
}

